<?xml version="1.0" encoding="UTF-8"?>
<!-- Generated by org.testng.reporters.JUnitXMLReporter -->
<testsuite hostname="LAPTOP-E4E1HDQ6" ignored="0" name="Command line test" tests="12" failures="1" timestamp="2020-06-03T20:17:25 IST" time="876.532" errors="0">
  <testcase name="verifyContactsPageLabel" time="4.482" classname="com.crm.qa.testCases.ContactsPageTest"/>
  <testcase name="selectContactsCheckboxTest" time="27.766" classname="com.crm.qa.testCases.ContactsPageTest"/>
  <testcase name="selectMultipleContactsCheckboxTest" time="4.998" classname="com.crm.qa.testCases.ContactsPageTest"/>
  <testcase name="validateCreateNewContact" time="12.768" classname="com.crm.qa.testCases.ContactsPageTest"/>
  <testcase name="validateCreateNewContact" time="53.069" classname="com.crm.qa.testCases.ContactsPageTest"/>
  <testcase name="validateCreateNewContact" time="8.455" classname="com.crm.qa.testCases.ContactsPageTest"/>
  <testcase name="verifyHomePageTitleTest" time="0.009" classname="com.crm.qa.testCases.HomePageTest">
    <failure type="java.lang.AssertionError" message="Home page title not matched expected [CRMPR] but found [CRMPRO]">
      <![CDATA[java.lang.AssertionError: Home page title not matched expected [CRMPR] but found [CRMPRO]
at com.crm.qa.testCases.HomePageTest.verifyHomePageTitleTest(HomePageTest.java:48)
at java.util.ArrayList.forEach(ArrayList.java:1249)
... Removed 41 stack frames]]>
    </failure>
  </testcase> <!-- verifyHomePageTitleTest -->
  <testcase name="verifyUserNameTest" time="0.102" classname="com.crm.qa.testCases.HomePageTest"/>
  <testcase name="verifyContactsLinkTest" time="3.308" classname="com.crm.qa.testCases.HomePageTest"/>
  <testcase name="loginPageTitleTest" time="0.011" classname="com.crm.qa.testCases.LoginPageTest"/>
  <testcase name="loginPagelogoTest" time="0.088" classname="com.crm.qa.testCases.LoginPageTest"/>
  <testcase name="loginTest" time="21.668" classname="com.crm.qa.testCases.LoginPageTest"/>
</testsuite> <!-- Command line test -->
